2024-11-08 20:56:54 [main] INFO  Commands.Command - Розрахована загальна вартість деривативу: 15075.0
2024-11-08 20:56:54 [main] INFO  Commands.Command - Видалення зобов’язання : Тип: Life, Рiвень ризику: 0.1, Сума: 5000.0, Термiн дiї(в мiсяцях): 12, Вартiсть: 5050.0
2024-11-08 20:56:54 [main] INFO  Commands.Command - Зобов’язання видалено
2024-11-08 20:56:54 [main] INFO  Commands.Command - Знайдено зобов’язання за заданими параметрами: 2 зобов’язань.
2024-11-08 20:56:54 [main] INFO  Commands.Command - Зобов’язання відсортовані за рівнем ризику.
2024-11-08 20:56:54 [main] INFO  Commands.Command - Вибiр дії: 7
2024-11-08 20:56:55 [main] INFO  Commands.Command - Додано Страхування: 1
2024-11-08 20:56:55 [main] INFO  Commands.Command - Додано ризик: 0.05
2024-11-08 20:56:55 [main] INFO  Commands.Command - Додано суму: 10000.0
2024-11-08 20:56:55 [main] INFO  Commands.Command - Додано тривалiсть: 12
2024-11-08 20:56:55 [main] INFO  Commands.Command - Додано бенефiцiара: John Doe
2024-11-08 20:56:55 [main] INFO  Commands.Command - Додано нове зобов’язання: Тип: Life, Рiвень ризику: 0.05, Сума: 10000.0, Термiн дiї(в мiсяцях): 12, Вартiсть: 10049.999999999998
2024-11-08 20:56:55 [main] INFO  Commands.Command - Додано Страхування: 2
2024-11-08 20:56:55 [main] INFO  Commands.Command - Додано ризик: 0.1
2024-11-08 20:56:55 [main] INFO  Commands.Command - Додано суму: 5000.0
2024-11-08 20:56:55 [main] INFO  Commands.Command - Додано тривалiсть: 24
2024-11-08 20:56:55 [main] INFO  Commands.Command - Додано вiк: 35
2024-11-08 20:56:55 [main] INFO  Commands.Command - Додано захворювання: true
2024-11-08 20:56:55 [main] INFO  Commands.Command - Додано нове зобов’язання: Тип: Health, Рiвень ризику: 0.1, Сума: 5000.0, Термiн дiї(в мiсяцях): 24, Вартiсть: 7537.499999999998
2024-11-08 20:56:55 [main] INFO  Commands.Command - Додано Страхування: 3
2024-11-08 20:56:55 [main] INFO  Commands.Command - Додано ризик: 0.2
2024-11-08 20:56:55 [main] INFO  Commands.Command - Додано суму: 20000.0
2024-11-08 20:56:55 [main] INFO  Commands.Command - Додано тривалiсть: 36
2024-11-08 20:56:55 [main] INFO  Commands.Command - Додано нове зобов’язання: Тип: Property, Рiвень ризику: 0.2, Сума: 20000.0, Термiн дiї(в мiсяцях): 36, Вартiсть: 20120.0
2024-11-08 20:56:55 [main] INFO  Commands.Command - Додано Страхування: 4
2024-11-08 20:56:55 [main] INFO  Commands.Command - Початок програми
2024-11-08 20:56:55 [main] INFO  Commands.Command - Перед вибором
2024-11-08 20:56:55 [main] INFO  Commands.Command - Вибiр: 3
2024-11-08 20:56:55 [main] INFO  Commands.Command - Перед вибором
2024-11-08 20:56:55 [main] INFO  Commands.Command - Вибiр: 6
2024-11-08 20:56:55 [main] INFO  Commands.Command - Користувач завершив роботу.
2024-11-08 20:56:55 [main] INFO  Commands.Command - Початок програми
2024-11-08 20:56:55 [main] INFO  Commands.Command - Перед вибором
2024-11-08 20:56:55 [main] INFO  Commands.Command - Вибiр: 6
2024-11-08 20:56:55 [main] INFO  Commands.Command - Користувач завершив роботу.
2024-11-08 20:56:55 [main] INFO  Commands.Command - Початок програми
2024-11-08 20:56:55 [main] INFO  Commands.Command - Перед вибором
2024-11-08 20:56:55 [main] INFO  Commands.Command - Вибiр: 9
2024-11-08 20:56:55 [main] WARN  Commands.Command - Користувач ввів неправильний вибір: 9
2024-11-08 20:56:55 [main] INFO  Commands.Command - Перед вибором
2024-11-08 20:56:55 [main] INFO  Commands.Command - Вибiр: 6
2024-11-08 20:56:55 [main] INFO  Commands.Command - Користувач завершив роботу.
2024-11-08 20:56:55 [main] INFO  Commands.Command - Початок програми
2024-11-08 20:56:55 [main] INFO  Commands.Command - Перед вибором
2024-11-08 20:56:55 [main] INFO  Commands.Command - Вибiр: 6
2024-11-08 20:56:55 [main] INFO  Commands.Command - Користувач завершив роботу.
2024-11-08 21:05:24 [main] INFO  Commands.Command - Початок програми
2024-11-08 21:05:24 [main] INFO  Commands.Command - Перед вибором
2024-11-08 21:05:24 [main] INFO  Commands.Command - Вибiр: 6
2024-11-08 21:05:24 [main] INFO  Commands.Command - Користувач завершив роботу.
2024-11-08 21:05:24 [main] INFO  Commands.Command - Розрахована загальна вартість деривативу: 15075.0
2024-11-08 21:05:24 [main] INFO  Commands.Command - Видалення зобов’язання : Тип: Life, Рiвень ризику: 0.1, Сума: 5000.0, Термiн дiї(в мiсяцях): 12, Вартiсть: 5050.0
2024-11-08 21:05:24 [main] INFO  Commands.Command - Зобов’язання видалено
2024-11-08 21:05:25 [main] INFO  Commands.Command - Знайдено зобов’язання за заданими параметрами: 2 зобов’язань.
2024-11-08 21:05:25 [main] INFO  Commands.Command - Зобов’язання відсортовані за рівнем ризику.
2024-11-08 21:05:25 [main] INFO  Commands.Command - Вибiр дії: 7
2024-11-08 21:05:25 [main] INFO  Commands.Command - Початок програми
2024-11-08 21:05:25 [main] INFO  Commands.Command - Перед вибором
2024-11-08 21:05:25 [main] INFO  Commands.Command - Вибiр: 3
2024-11-08 21:05:25 [main] INFO  Commands.Command - Перед вибором
2024-11-08 21:05:25 [main] INFO  Commands.Command - Вибiр: 6
2024-11-08 21:05:25 [main] INFO  Commands.Command - Користувач завершив роботу.
2024-11-08 21:05:25 [main] INFO  Commands.Command - Початок програми
2024-11-08 21:05:25 [main] INFO  Commands.Command - Перед вибором
2024-11-08 21:05:25 [main] INFO  Commands.Command - Вибiр: 6
2024-11-08 21:05:25 [main] INFO  Commands.Command - Користувач завершив роботу.
2024-11-08 21:05:25 [main] INFO  Commands.Command - Початок програми
2024-11-08 21:05:25 [main] INFO  Commands.Command - Перед вибором
2024-11-08 21:05:25 [main] INFO  Commands.Command - Вибiр: 9
2024-11-08 21:05:25 [main] WARN  Commands.Command - Користувач ввів неправильний вибір: 9
2024-11-08 21:05:25 [main] INFO  Commands.Command - Перед вибором
2024-11-08 21:05:25 [main] INFO  Commands.Command - Вибiр: 6
2024-11-08 21:05:25 [main] INFO  Commands.Command - Користувач завершив роботу.
2024-11-08 21:05:25 [main] INFO  Commands.Command - Додано Страхування: 1
2024-11-08 21:05:25 [main] INFO  Commands.Command - Додано ризик: 0.05
2024-11-08 21:05:25 [main] INFO  Commands.Command - Додано суму: 10000.0
2024-11-08 21:05:25 [main] INFO  Commands.Command - Додано тривалiсть: 12
2024-11-08 21:05:25 [main] INFO  Commands.Command - Додано бенефiцiара: John Doe
2024-11-08 21:05:25 [main] INFO  Commands.Command - Додано нове зобов’язання: Тип: Life, Рiвень ризику: 0.05, Сума: 10000.0, Термiн дiї(в мiсяцях): 12, Вартiсть: 10049.999999999998
2024-11-08 21:05:25 [main] INFO  Commands.Command - Додано Страхування: 2
2024-11-08 21:05:25 [main] INFO  Commands.Command - Додано ризик: 0.1
2024-11-08 21:05:25 [main] INFO  Commands.Command - Додано суму: 5000.0
2024-11-08 21:05:25 [main] INFO  Commands.Command - Додано тривалiсть: 24
2024-11-08 21:05:25 [main] INFO  Commands.Command - Додано вiк: 35
2024-11-08 21:05:25 [main] INFO  Commands.Command - Додано захворювання: true
2024-11-08 21:05:25 [main] INFO  Commands.Command - Додано нове зобов’язання: Тип: Health, Рiвень ризику: 0.1, Сума: 5000.0, Термiн дiї(в мiсяцях): 24, Вартiсть: 7537.499999999998
2024-11-08 21:05:25 [main] INFO  Commands.Command - Додано Страхування: 3
2024-11-08 21:05:25 [main] INFO  Commands.Command - Додано ризик: 0.2
2024-11-08 21:05:25 [main] INFO  Commands.Command - Додано суму: 20000.0
2024-11-08 21:05:25 [main] INFO  Commands.Command - Додано тривалiсть: 36
2024-11-08 21:05:25 [main] INFO  Commands.Command - Додано нове зобов’язання: Тип: Property, Рiвень ризику: 0.2, Сума: 20000.0, Термiн дiї(в мiсяцях): 36, Вартiсть: 20120.0
2024-11-08 21:05:25 [main] INFO  Commands.Command - Додано Страхування: 4
2024-11-09 13:12:14 [main] INFO  Commands.Command - Розрахована загальна вартість деривативу: 15075.0
2024-11-09 13:12:14 [main] INFO  Commands.Command - Видалення зобов’язання : Тип: Life, Рiвень ризику: 0.1, Сума: 5000.0, Термiн дiї(в мiсяцях): 12, Вартiсть: 5050.0
2024-11-09 13:12:14 [main] INFO  Commands.Command - Зобов’язання видалено
2024-11-09 13:12:14 [main] INFO  Commands.Command - Знайдено зобов’язання за заданими параметрами: 2 зобов’язань.
2024-11-09 13:12:14 [main] INFO  Commands.Command - Зобов’язання відсортовані за рівнем ризику.
2024-11-09 13:12:15 [main] INFO  Commands.Command - Вибiр дії: 7
2024-11-09 13:12:15 [main] INFO  Commands.Command - Додано Страхування: 1
2024-11-09 13:12:15 [main] INFO  Commands.Command - Додано ризик: 0.05
2024-11-09 13:12:15 [main] INFO  Commands.Command - Додано суму: 10000.0
2024-11-09 13:12:15 [main] INFO  Commands.Command - Додано тривалiсть: 12
2024-11-09 13:12:15 [main] INFO  Commands.Command - Додано бенефiцiара: John Doe
2024-11-09 13:12:15 [main] INFO  Commands.Command - Додано нове зобов’язання: Тип: Life, Рiвень ризику: 0.05, Сума: 10000.0, Термiн дiї(в мiсяцях): 12, Вартiсть: 10049.999999999998
2024-11-09 13:12:15 [main] INFO  Commands.Command - Додано Страхування: 2
2024-11-09 13:12:15 [main] INFO  Commands.Command - Додано ризик: 0.1
2024-11-09 13:12:15 [main] INFO  Commands.Command - Додано суму: 5000.0
2024-11-09 13:12:15 [main] INFO  Commands.Command - Додано тривалiсть: 24
2024-11-09 13:12:15 [main] INFO  Commands.Command - Додано вiк: 35
2024-11-09 13:12:15 [main] INFO  Commands.Command - Додано захворювання: true
2024-11-09 13:12:15 [main] INFO  Commands.Command - Додано нове зобов’язання: Тип: Health, Рiвень ризику: 0.1, Сума: 5000.0, Термiн дiї(в мiсяцях): 24, Вартiсть: 7537.499999999998
2024-11-09 13:12:15 [main] INFO  Commands.Command - Додано Страхування: 3
2024-11-09 13:12:15 [main] INFO  Commands.Command - Додано ризик: 0.2
2024-11-09 13:12:15 [main] INFO  Commands.Command - Додано суму: 20000.0
2024-11-09 13:12:15 [main] INFO  Commands.Command - Додано тривалiсть: 36
2024-11-09 13:12:15 [main] INFO  Commands.Command - Додано нове зобов’язання: Тип: Property, Рiвень ризику: 0.2, Сума: 20000.0, Термiн дiї(в мiсяцях): 36, Вартiсть: 20120.0
2024-11-09 13:12:15 [main] INFO  Commands.Command - Додано Страхування: 4
2024-11-09 13:12:15 [main] INFO  Commands.Command - Початок програми
2024-11-09 13:12:15 [main] INFO  Commands.Command - Перед вибором
2024-11-09 13:12:15 [main] INFO  Commands.Command - Вибiр: 3
2024-11-09 13:12:15 [main] INFO  Commands.Command - Перед вибором
2024-11-09 13:12:15 [main] INFO  Commands.Command - Вибiр: 6
2024-11-09 13:12:15 [main] INFO  Commands.Command - Користувач завершив роботу.
2024-11-09 13:12:15 [main] INFO  Commands.Command - Початок програми
2024-11-09 13:12:15 [main] INFO  Commands.Command - Перед вибором
2024-11-09 13:12:15 [main] INFO  Commands.Command - Вибiр: 6
2024-11-09 13:12:15 [main] INFO  Commands.Command - Користувач завершив роботу.
2024-11-09 13:12:15 [main] INFO  Commands.Command - Початок програми
2024-11-09 13:12:15 [main] INFO  Commands.Command - Перед вибором
2024-11-09 13:12:15 [main] INFO  Commands.Command - Вибiр: 9
2024-11-09 13:12:15 [main] WARN  Commands.Command - Користувач ввів неправильний вибір: 9
2024-11-09 13:12:15 [main] INFO  Commands.Command - Перед вибором
2024-11-09 13:12:15 [main] INFO  Commands.Command - Вибiр: 6
2024-11-09 13:12:15 [main] INFO  Commands.Command - Користувач завершив роботу.
2024-11-09 13:12:15 [main] INFO  Commands.Command - Початок програми
2024-11-09 13:12:15 [main] INFO  Commands.Command - Перед вибором
2024-11-09 13:12:15 [main] INFO  Commands.Command - Вибiр: 6
2024-11-09 13:12:15 [main] INFO  Commands.Command - Користувач завершив роботу.
2024-11-11 12:50:18 [main] INFO  Commands.Command - Додано Страхування: 1
2024-11-11 12:50:18 [main] INFO  Commands.Command - Додано ризик: 0.05
2024-11-11 12:50:18 [main] INFO  Commands.Command - Додано суму: 10000.0
2024-11-11 12:50:18 [main] INFO  Commands.Command - Додано тривалiсть: 12
2024-11-11 12:50:18 [main] INFO  Commands.Command - Додано бенефiцiара: John Doe
2024-11-11 12:50:18 [main] INFO  Commands.Command - Додано нове зобов’язання: Тип: Life, Рiвень ризику: 0.05, Сума: 10000.0, Термiн дiї(в мiсяцях): 12, Вартiсть: 10049.999999999998
2024-11-11 12:50:18 [main] INFO  Commands.Command - Додано Страхування: 2
2024-11-11 12:50:18 [main] INFO  Commands.Command - Додано ризик: 0.1
2024-11-11 12:50:18 [main] INFO  Commands.Command - Додано суму: 5000.0
2024-11-11 12:50:18 [main] INFO  Commands.Command - Додано тривалiсть: 24
2024-11-11 12:50:18 [main] INFO  Commands.Command - Додано вiк: 35
2024-11-11 12:50:18 [main] INFO  Commands.Command - Додано захворювання: true
2024-11-11 12:50:18 [main] INFO  Commands.Command - Додано нове зобов’язання: Тип: Health, Рiвень ризику: 0.1, Сума: 5000.0, Термiн дiї(в мiсяцях): 24, Вартiсть: 7537.499999999998
2024-11-11 12:50:18 [main] INFO  Commands.Command - Додано Страхування: 3
2024-11-11 12:50:18 [main] INFO  Commands.Command - Додано ризик: 0.2
2024-11-11 12:50:18 [main] INFO  Commands.Command - Додано суму: 20000.0
2024-11-11 12:50:18 [main] INFO  Commands.Command - Додано тривалiсть: 36
2024-11-11 12:50:18 [main] INFO  Commands.Command - Додано нове зобов’язання: Тип: Property, Рiвень ризику: 0.2, Сума: 20000.0, Термiн дiї(в мiсяцях): 36, Вартiсть: 20120.0
2024-11-11 12:50:18 [main] INFO  Commands.Command - Додано Страхування: 4
2024-11-11 12:50:18 [main] INFO  Commands.Command - Початок програми
2024-11-11 12:50:18 [main] INFO  Commands.Command - Перед вибором
2024-11-11 12:50:18 [main] INFO  Commands.Command - Вибiр: 6
2024-11-11 12:50:18 [main] INFO  Commands.Command - Користувач завершив роботу.
2024-11-11 12:50:18 [main] INFO  Commands.Command - Початок програми
2024-11-11 12:50:18 [main] INFO  Commands.Command - Перед вибором
2024-11-11 12:50:18 [main] INFO  Commands.Command - Вибiр: 3
2024-11-11 12:50:18 [main] INFO  Commands.Command - Перед вибором
2024-11-11 12:50:18 [main] INFO  Commands.Command - Вибiр: 6
2024-11-11 12:50:18 [main] INFO  Commands.Command - Користувач завершив роботу.
2024-11-11 12:50:18 [main] INFO  Commands.Command - Початок програми
2024-11-11 12:50:18 [main] INFO  Commands.Command - Перед вибором
2024-11-11 12:50:18 [main] INFO  Commands.Command - Вибiр: 6
2024-11-11 12:50:18 [main] INFO  Commands.Command - Користувач завершив роботу.
2024-11-11 12:50:18 [main] INFO  Commands.Command - Початок програми
2024-11-11 12:50:18 [main] INFO  Commands.Command - Перед вибором
2024-11-11 12:50:18 [main] INFO  Commands.Command - Вибiр: 9
2024-11-11 12:50:18 [main] WARN  Commands.Command - Користувач ввів неправильний вибір: 9
2024-11-11 12:50:18 [main] INFO  Commands.Command - Перед вибором
2024-11-11 12:50:18 [main] INFO  Commands.Command - Вибiр: 6
2024-11-11 12:50:18 [main] INFO  Commands.Command - Користувач завершив роботу.
2024-11-11 12:50:18 [main] INFO  Commands.Command - Вибiр дії: 7
2024-11-11 12:50:18 [main] INFO  Commands.Command - Розрахована загальна вартість деривативу: 15075.0
2024-11-11 12:50:18 [main] INFO  Commands.Command - Видалення зобов’язання : Тип: Life, Рiвень ризику: 0.1, Сума: 5000.0, Термiн дiї(в мiсяцях): 12, Вартiсть: 5050.0
2024-11-11 12:50:18 [main] INFO  Commands.Command - Зобов’язання видалено
2024-11-11 12:50:18 [main] INFO  Commands.Command - Знайдено зобов’язання за заданими параметрами: 2 зобов’язань.
2024-11-11 12:50:18 [main] INFO  Commands.Command - Зобов’язання відсортовані за рівнем ризику.
2024-11-11 12:53:10 [main] INFO  Commands.Command - Додано Страхування: 1
2024-11-11 12:53:10 [main] INFO  Commands.Command - Додано ризик: 0.05
2024-11-11 12:53:10 [main] INFO  Commands.Command - Додано суму: 10000.0
2024-11-11 12:53:10 [main] INFO  Commands.Command - Додано тривалiсть: 12
2024-11-11 12:53:10 [main] INFO  Commands.Command - Додано бенефiцiара: John Doe
2024-11-11 12:53:10 [main] INFO  Commands.Command - Додано нове зобов’язання: Тип: Life, Рiвень ризику: 0.05, Сума: 10000.0, Термiн дiї(в мiсяцях): 12, Вартiсть: 10049.999999999998
2024-11-11 12:53:10 [main] INFO  Commands.Command - Додано Страхування: 2
2024-11-11 12:53:10 [main] INFO  Commands.Command - Додано ризик: 0.1
2024-11-11 12:53:10 [main] INFO  Commands.Command - Додано суму: 5000.0
2024-11-11 12:53:10 [main] INFO  Commands.Command - Додано тривалiсть: 24
2024-11-11 12:53:10 [main] INFO  Commands.Command - Додано вiк: 35
2024-11-11 12:53:10 [main] INFO  Commands.Command - Додано захворювання: true
2024-11-11 12:53:10 [main] INFO  Commands.Command - Додано нове зобов’язання: Тип: Health, Рiвень ризику: 0.1, Сума: 5000.0, Термiн дiї(в мiсяцях): 24, Вартiсть: 7537.499999999998
2024-11-11 12:53:10 [main] INFO  Commands.Command - Додано Страхування: 3
2024-11-11 12:53:10 [main] INFO  Commands.Command - Додано ризик: 0.2
2024-11-11 12:53:10 [main] INFO  Commands.Command - Додано суму: 20000.0
2024-11-11 12:53:10 [main] INFO  Commands.Command - Додано тривалiсть: 36
2024-11-11 12:53:10 [main] INFO  Commands.Command - Додано нове зобов’язання: Тип: Property, Рiвень ризику: 0.2, Сума: 20000.0, Термiн дiї(в мiсяцях): 36, Вартiсть: 20120.0
2024-11-11 12:53:10 [main] INFO  Commands.Command - Додано Страхування: 4
2024-11-11 12:53:10 [main] INFO  Commands.Command - Початок програми
2024-11-11 12:53:10 [main] INFO  Commands.Command - Перед вибором
2024-11-11 12:53:10 [main] INFO  Commands.Command - Вибiр: 6
2024-11-11 12:53:10 [main] INFO  Commands.Command - Користувач завершив роботу.
2024-11-11 12:53:10 [main] INFO  Commands.Command - Початок програми
2024-11-11 12:53:10 [main] INFO  Commands.Command - Перед вибором
2024-11-11 12:53:10 [main] INFO  Commands.Command - Вибiр: 3
2024-11-11 12:53:10 [main] INFO  Commands.Command - Перед вибором
2024-11-11 12:53:10 [main] INFO  Commands.Command - Вибiр: 6
2024-11-11 12:53:10 [main] INFO  Commands.Command - Користувач завершив роботу.
2024-11-11 12:53:10 [main] INFO  Commands.Command - Початок програми
2024-11-11 12:53:10 [main] INFO  Commands.Command - Перед вибором
2024-11-11 12:53:10 [main] INFO  Commands.Command - Вибiр: 6
2024-11-11 12:53:10 [main] INFO  Commands.Command - Користувач завершив роботу.
2024-11-11 12:53:10 [main] INFO  Commands.Command - Початок програми
2024-11-11 12:53:10 [main] INFO  Commands.Command - Перед вибором
2024-11-11 12:53:10 [main] INFO  Commands.Command - Вибiр: 9
2024-11-11 12:53:10 [main] WARN  Commands.Command - Користувач ввів неправильний вибір: 9
2024-11-11 12:53:10 [main] INFO  Commands.Command - Перед вибором
2024-11-11 12:53:10 [main] INFO  Commands.Command - Вибiр: 6
2024-11-11 12:53:10 [main] INFO  Commands.Command - Користувач завершив роботу.
2024-11-11 12:53:10 [main] INFO  Commands.Command - Вибiр дії: 7
2024-11-11 12:53:10 [main] INFO  Commands.Command - Розрахована загальна вартість деривативу: 15075.0
2024-11-11 12:53:10 [main] INFO  Commands.Command - Видалення зобов’язання : Тип: Life, Рiвень ризику: 0.1, Сума: 5000.0, Термiн дiї(в мiсяцях): 12, Вартiсть: 5050.0
2024-11-11 12:53:10 [main] INFO  Commands.Command - Зобов’язання видалено
2024-11-11 12:53:10 [main] INFO  Commands.Command - Знайдено зобов’язання за заданими параметрами: 2 зобов’язань.
2024-11-11 12:53:10 [main] INFO  Commands.Command - Зобов’язання відсортовані за рівнем ризику.
2024-11-11 12:54:04 [main] INFO  Commands.Command - Додано Страхування: 1
2024-11-11 12:54:04 [main] INFO  Commands.Command - Додано ризик: 0.05
2024-11-11 12:54:04 [main] INFO  Commands.Command - Додано суму: 10000.0
2024-11-11 12:54:04 [main] INFO  Commands.Command - Додано тривалiсть: 12
2024-11-11 12:54:04 [main] INFO  Commands.Command - Додано бенефiцiара: John Doe
2024-11-11 12:54:04 [main] INFO  Commands.Command - Додано нове зобов’язання: Тип: Life, Рiвень ризику: 0.05, Сума: 10000.0, Термiн дiї(в мiсяцях): 12, Вартiсть: 10049.999999999998
2024-11-11 12:54:04 [main] INFO  Commands.Command - Додано Страхування: 2
2024-11-11 12:54:04 [main] INFO  Commands.Command - Додано ризик: 0.1
2024-11-11 12:54:04 [main] INFO  Commands.Command - Додано суму: 5000.0
2024-11-11 12:54:04 [main] INFO  Commands.Command - Додано тривалiсть: 24
2024-11-11 12:54:04 [main] INFO  Commands.Command - Додано вiк: 35
2024-11-11 12:54:04 [main] INFO  Commands.Command - Додано захворювання: true
2024-11-11 12:54:04 [main] INFO  Commands.Command - Додано нове зобов’язання: Тип: Health, Рiвень ризику: 0.1, Сума: 5000.0, Термiн дiї(в мiсяцях): 24, Вартiсть: 7537.499999999998
2024-11-11 12:54:04 [main] INFO  Commands.Command - Додано Страхування: 3
2024-11-11 12:54:04 [main] INFO  Commands.Command - Додано ризик: 0.2
2024-11-11 12:54:04 [main] INFO  Commands.Command - Додано суму: 20000.0
2024-11-11 12:54:04 [main] INFO  Commands.Command - Додано тривалiсть: 36
2024-11-11 12:54:04 [main] INFO  Commands.Command - Додано нове зобов’язання: Тип: Property, Рiвень ризику: 0.2, Сума: 20000.0, Термiн дiї(в мiсяцях): 36, Вартiсть: 20120.0
2024-11-11 12:54:04 [main] INFO  Commands.Command - Додано Страхування: 4
2024-11-11 12:54:04 [main] INFO  Commands.Command - Початок програми
2024-11-11 12:54:04 [main] INFO  Commands.Command - Перед вибором
2024-11-11 12:54:04 [main] INFO  Commands.Command - Вибiр: 6
2024-11-11 12:54:04 [main] INFO  Commands.Command - Користувач завершив роботу.
2024-11-11 12:54:04 [main] INFO  Commands.Command - Початок програми
2024-11-11 12:54:04 [main] INFO  Commands.Command - Перед вибором
2024-11-11 12:54:04 [main] INFO  Commands.Command - Вибiр: 3
2024-11-11 12:54:04 [main] INFO  Commands.Command - Перед вибором
2024-11-11 12:54:04 [main] INFO  Commands.Command - Вибiр: 6
2024-11-11 12:54:04 [main] INFO  Commands.Command - Користувач завершив роботу.
2024-11-11 12:54:04 [main] INFO  Commands.Command - Початок програми
2024-11-11 12:54:04 [main] INFO  Commands.Command - Перед вибором
2024-11-11 12:54:04 [main] INFO  Commands.Command - Вибiр: 6
2024-11-11 12:54:04 [main] INFO  Commands.Command - Користувач завершив роботу.
2024-11-11 12:54:04 [main] INFO  Commands.Command - Початок програми
2024-11-11 12:54:04 [main] INFO  Commands.Command - Перед вибором
2024-11-11 12:54:04 [main] INFO  Commands.Command - Вибiр: 9
2024-11-11 12:54:04 [main] WARN  Commands.Command - Користувач ввів неправильний вибір: 9
2024-11-11 12:54:04 [main] INFO  Commands.Command - Перед вибором
2024-11-11 12:54:04 [main] INFO  Commands.Command - Вибiр: 6
2024-11-11 12:54:04 [main] INFO  Commands.Command - Користувач завершив роботу.
2024-11-11 12:54:04 [main] INFO  Commands.Command - Вибiр дії: 7
2024-11-11 12:54:04 [main] INFO  Commands.Command - Розрахована загальна вартість деривативу: 15075.0
2024-11-11 12:54:04 [main] INFO  Commands.Command - Видалення зобов’язання : Тип: Life, Рiвень ризику: 0.1, Сума: 5000.0, Термiн дiї(в мiсяцях): 12, Вартiсть: 5050.0
2024-11-11 12:54:04 [main] INFO  Commands.Command - Зобов’язання видалено
2024-11-11 12:54:04 [main] INFO  Commands.Command - Знайдено зобов’язання за заданими параметрами: 2 зобов’язань.
2024-11-11 12:54:04 [main] INFO  Commands.Command - Зобов’язання відсортовані за рівнем ризику.
2024-11-11 13:14:01 [main] INFO  Commands.Command - Додано Страхування: 1
2024-11-11 13:14:01 [main] INFO  Commands.Command - Додано ризик: 0.05
2024-11-11 13:14:01 [main] INFO  Commands.Command - Додано суму: 10000.0
2024-11-11 13:14:01 [main] INFO  Commands.Command - Додано тривалiсть: 12
2024-11-11 13:14:01 [main] INFO  Commands.Command - Додано бенефiцiара: John Doe
2024-11-11 13:14:01 [main] INFO  Commands.Command - Додано нове зобов’язання: Тип: Life, Рiвень ризику: 0.05, Сума: 10000.0, Термiн дiї(в мiсяцях): 12, Вартiсть: 10049.999999999998
2024-11-11 13:14:01 [main] INFO  Commands.Command - Додано Страхування: 2
2024-11-11 13:14:01 [main] INFO  Commands.Command - Додано ризик: 0.1
2024-11-11 13:14:01 [main] INFO  Commands.Command - Додано суму: 5000.0
2024-11-11 13:14:01 [main] INFO  Commands.Command - Додано тривалiсть: 24
2024-11-11 13:14:01 [main] INFO  Commands.Command - Додано вiк: 35
2024-11-11 13:14:01 [main] INFO  Commands.Command - Додано захворювання: true
2024-11-11 13:14:01 [main] INFO  Commands.Command - Додано нове зобов’язання: Тип: Health, Рiвень ризику: 0.1, Сума: 5000.0, Термiн дiї(в мiсяцях): 24, Вартiсть: 7537.499999999998
2024-11-11 13:14:01 [main] INFO  Commands.Command - Додано Страхування: 3
2024-11-11 13:14:01 [main] INFO  Commands.Command - Додано ризик: 0.2
2024-11-11 13:14:01 [main] INFO  Commands.Command - Додано суму: 20000.0
2024-11-11 13:14:01 [main] INFO  Commands.Command - Додано тривалiсть: 36
2024-11-11 13:14:01 [main] INFO  Commands.Command - Додано нове зобов’язання: Тип: Property, Рiвень ризику: 0.2, Сума: 20000.0, Термiн дiї(в мiсяцях): 36, Вартiсть: 20120.0
2024-11-11 13:14:01 [main] INFO  Commands.Command - Додано Страхування: 4
2024-11-11 13:14:01 [main] INFO  Commands.Command - Початок програми
2024-11-11 13:14:01 [main] INFO  Commands.Command - Перед вибором
2024-11-11 13:14:01 [main] INFO  Commands.Command - Вибiр: 6
2024-11-11 13:14:01 [main] INFO  Commands.Command - Користувач завершив роботу.
2024-11-11 13:14:02 [main] INFO  Commands.Command - Початок програми
2024-11-11 13:14:02 [main] INFO  Commands.Command - Перед вибором
2024-11-11 13:14:02 [main] INFO  Commands.Command - Вибiр: 3
2024-11-11 13:14:02 [main] INFO  Commands.Command - Перед вибором
2024-11-11 13:14:02 [main] INFO  Commands.Command - Вибiр: 6
2024-11-11 13:14:02 [main] INFO  Commands.Command - Користувач завершив роботу.
2024-11-11 13:14:02 [main] INFO  Commands.Command - Початок програми
2024-11-11 13:14:02 [main] INFO  Commands.Command - Перед вибором
2024-11-11 13:14:02 [main] INFO  Commands.Command - Вибiр: 6
2024-11-11 13:14:02 [main] INFO  Commands.Command - Користувач завершив роботу.
2024-11-11 13:14:02 [main] INFO  Commands.Command - Початок програми
2024-11-11 13:14:02 [main] INFO  Commands.Command - Перед вибором
2024-11-11 13:14:02 [main] INFO  Commands.Command - Вибiр: 9
2024-11-11 13:14:02 [main] WARN  Commands.Command - Користувач ввів неправильний вибір: 9
2024-11-11 13:14:02 [main] INFO  Commands.Command - Перед вибором
2024-11-11 13:14:02 [main] INFO  Commands.Command - Вибiр: 6
2024-11-11 13:14:02 [main] INFO  Commands.Command - Користувач завершив роботу.
2024-11-11 13:14:02 [main] INFO  Commands.Command - Вибiр дії: 7
2024-11-11 13:14:02 [main] INFO  Commands.Command - Розрахована загальна вартість деривативу: 15075.0
2024-11-11 13:14:02 [main] INFO  Commands.Command - Видалення зобов’язання : Тип: Life, Рiвень ризику: 0.1, Сума: 5000.0, Термiн дiї(в мiсяцях): 12, Вартiсть: 5050.0
2024-11-11 13:14:02 [main] INFO  Commands.Command - Зобов’язання видалено
2024-11-11 13:14:02 [main] INFO  Commands.Command - Знайдено зобов’язання за заданими параметрами: 2 зобов’язань.
2024-11-11 13:14:02 [main] INFO  Commands.Command - Зобов’язання відсортовані за рівнем ризику.
2024-11-14 11:30:46 [main] INFO  Commands.Command - Розрахована загальна вартість деривативу: 15075.0
2024-11-14 11:30:46 [main] INFO  Commands.Command - Видалення зобов’язання : Тип: Life, Рiвень ризику: 0.1, Сума: 5000.0, Термiн дiї(в мiсяцях): 12, Вартiсть: 5050.0
2024-11-14 11:30:46 [main] INFO  Commands.Command - Зобов’язання видалено
2024-11-14 11:30:46 [main] INFO  Commands.Command - Знайдено зобов’язання за заданими параметрами: 2 зобов’язань.
2024-11-14 11:30:46 [main] INFO  Commands.Command - Зобов’язання відсортовані за рівнем ризику.
2024-11-14 11:30:46 [main] INFO  Commands.Command - Вибiр дії: 7
2024-11-14 11:30:46 [main] INFO  Commands.Command - Початок програми
2024-11-14 11:30:46 [main] INFO  Commands.Command - Перед вибором
2024-11-14 11:30:46 [main] INFO  Commands.Command - Вибiр: 6
2024-11-14 11:30:46 [main] INFO  Commands.Command - Користувач завершив роботу.
2024-11-14 11:30:46 [main] INFO  Commands.Command - Початок програми
2024-11-14 11:30:46 [main] INFO  Commands.Command - Перед вибором
2024-11-14 11:30:46 [main] INFO  Commands.Command - Вибiр: 3
2024-11-14 11:30:46 [main] INFO  Commands.Command - Перед вибором
2024-11-14 11:30:46 [main] INFO  Commands.Command - Вибiр: 6
2024-11-14 11:30:46 [main] INFO  Commands.Command - Користувач завершив роботу.
2024-11-14 11:30:46 [main] INFO  Commands.Command - Початок програми
2024-11-14 11:30:46 [main] INFO  Commands.Command - Перед вибором
2024-11-14 11:30:46 [main] INFO  Commands.Command - Вибiр: 6
2024-11-14 11:30:46 [main] INFO  Commands.Command - Користувач завершив роботу.
2024-11-14 11:30:46 [main] INFO  Commands.Command - Початок програми
2024-11-14 11:30:46 [main] INFO  Commands.Command - Перед вибором
2024-11-14 11:30:46 [main] INFO  Commands.Command - Вибiр: 9
2024-11-14 11:30:46 [main] WARN  Commands.Command - Користувач ввів неправильний вибір: 9
2024-11-14 11:30:46 [main] INFO  Commands.Command - Перед вибором
2024-11-14 11:30:46 [main] INFO  Commands.Command - Вибiр: 6
2024-11-14 11:30:46 [main] INFO  Commands.Command - Користувач завершив роботу.
2024-11-14 11:30:46 [main] INFO  Commands.Command - Додано Страхування: 1
2024-11-14 11:30:46 [main] INFO  Commands.Command - Додано ризик: 0.05
2024-11-14 11:30:46 [main] INFO  Commands.Command - Додано суму: 10000.0
2024-11-14 11:30:46 [main] INFO  Commands.Command - Додано тривалiсть: 12
2024-11-14 11:30:46 [main] INFO  Commands.Command - Додано бенефiцiара: John Doe
2024-11-14 11:30:46 [main] INFO  Commands.Command - Додано нове зобов’язання: Тип: Life, Рiвень ризику: 0.05, Сума: 10000.0, Термiн дiї(в мiсяцях): 12, Вартiсть: 10049.999999999998
2024-11-14 11:30:46 [main] INFO  Commands.Command - Додано Страхування: 2
2024-11-14 11:30:46 [main] INFO  Commands.Command - Додано ризик: 0.1
2024-11-14 11:30:46 [main] INFO  Commands.Command - Додано суму: 5000.0
2024-11-14 11:30:46 [main] INFO  Commands.Command - Додано тривалiсть: 24
2024-11-14 11:30:46 [main] INFO  Commands.Command - Додано вiк: 35
2024-11-14 11:30:46 [main] INFO  Commands.Command - Додано захворювання: true
2024-11-14 11:30:46 [main] INFO  Commands.Command - Додано нове зобов’язання: Тип: Health, Рiвень ризику: 0.1, Сума: 5000.0, Термiн дiї(в мiсяцях): 24, Вартiсть: 7537.499999999998
2024-11-14 11:30:46 [main] INFO  Commands.Command - Додано Страхування: 3
2024-11-14 11:30:46 [main] INFO  Commands.Command - Додано ризик: 0.2
2024-11-14 11:30:46 [main] INFO  Commands.Command - Додано суму: 20000.0
2024-11-14 11:30:46 [main] INFO  Commands.Command - Додано тривалiсть: 36
2024-11-14 11:30:46 [main] INFO  Commands.Command - Додано нове зобов’язання: Тип: Property, Рiвень ризику: 0.2, Сума: 20000.0, Термiн дiї(в мiсяцях): 36, Вартiсть: 20120.0
2024-11-14 11:30:46 [main] INFO  Commands.Command - Додано Страхування: 4
2024-11-14 13:22:57 [main] INFO  Commands.Command - Початок програми
2024-11-14 13:22:57 [main] INFO  Commands.Command - Перед вибором
2024-11-14 13:22:57 [main] INFO  Commands.Command - Вибiр: 3
2024-11-14 13:22:57 [main] INFO  Commands.Command - Перед вибором
2024-11-14 13:22:57 [main] INFO  Commands.Command - Вибiр: 6
2024-11-14 13:22:57 [main] INFO  Commands.Command - Користувач завершив роботу.
2024-11-14 13:22:57 [main] INFO  Commands.Command - Початок програми
2024-11-14 13:22:57 [main] INFO  Commands.Command - Перед вибором
2024-11-14 13:22:57 [main] INFO  Commands.Command - Вибiр: 6
2024-11-14 13:22:57 [main] INFO  Commands.Command - Користувач завершив роботу.
2024-11-14 13:22:58 [main] INFO  Commands.Command - Початок програми
2024-11-14 13:22:58 [main] INFO  Commands.Command - Перед вибором
2024-11-14 13:22:58 [main] INFO  Commands.Command - Вибiр: 9
2024-11-14 13:22:58 [main] WARN  Commands.Command - Користувач ввів неправильний вибір: 9
2024-11-14 13:22:58 [main] INFO  Commands.Command - Перед вибором
2024-11-14 13:22:58 [main] INFO  Commands.Command - Вибiр: 6
2024-11-14 13:22:58 [main] INFO  Commands.Command - Користувач завершив роботу.
2024-11-14 13:22:58 [main] INFO  Commands.Command - Додано Страхування: 1
2024-11-14 13:22:58 [main] INFO  Commands.Command - Додано ризик: 0.05
2024-11-14 13:22:58 [main] INFO  Commands.Command - Додано суму: 10000.0
2024-11-14 13:22:58 [main] INFO  Commands.Command - Додано тривалiсть: 12
2024-11-14 13:22:58 [main] INFO  Commands.Command - Додано бенефiцiара: John Doe
2024-11-14 13:22:58 [main] INFO  Commands.Command - Додано нове зобов’язання: Тип: Life, Рiвень ризику: 0.05, Сума: 10000.0, Термiн дiї(в мiсяцях): 12, Вартiсть: 10049.999999999998
2024-11-14 13:22:58 [main] INFO  Commands.Command - Додано Страхування: 2
2024-11-14 13:22:58 [main] INFO  Commands.Command - Додано ризик: 0.1
2024-11-14 13:22:58 [main] INFO  Commands.Command - Додано суму: 5000.0
2024-11-14 13:22:58 [main] INFO  Commands.Command - Додано тривалiсть: 24
2024-11-14 13:22:58 [main] INFO  Commands.Command - Додано вiк: 35
2024-11-14 13:22:58 [main] INFO  Commands.Command - Додано захворювання: true
2024-11-14 13:22:58 [main] INFO  Commands.Command - Додано нове зобов’язання: Тип: Health, Рiвень ризику: 0.1, Сума: 5000.0, Термiн дiї(в мiсяцях): 24, Вартiсть: 7537.499999999998
2024-11-14 13:22:58 [main] INFO  Commands.Command - Додано Страхування: 3
2024-11-14 13:22:58 [main] INFO  Commands.Command - Додано ризик: 0.2
2024-11-14 13:22:58 [main] INFO  Commands.Command - Додано суму: 20000.0
2024-11-14 13:22:58 [main] INFO  Commands.Command - Додано тривалiсть: 36
2024-11-14 13:22:58 [main] INFO  Commands.Command - Додано нове зобов’язання: Тип: Property, Рiвень ризику: 0.2, Сума: 20000.0, Термiн дiї(в мiсяцях): 36, Вартiсть: 20120.0
2024-11-14 13:22:58 [main] INFO  Commands.Command - Додано Страхування: 4
2024-11-14 13:22:58 [main] INFO  Commands.Command - Розрахована загальна вартість деривативу: 15075.0
2024-11-14 13:22:58 [main] INFO  Commands.Command - Видалення зобов’язання : Тип: Life, Рiвень ризику: 0.1, Сума: 5000.0, Термiн дiї(в мiсяцях): 12, Вартiсть: 5050.0
2024-11-14 13:22:58 [main] INFO  Commands.Command - Зобов’язання видалено
2024-11-14 13:22:58 [main] INFO  Commands.Command - Знайдено зобов’язання за заданими параметрами: 2 зобов’язань.
2024-11-14 13:22:58 [main] INFO  Commands.Command - Зобов’язання відсортовані за рівнем ризику.
2024-11-14 13:22:58 [main] INFO  Commands.Command - Вибiр дії: 7
2024-11-14 13:22:58 [main] INFO  Commands.Command - Початок програми
2024-11-14 13:22:58 [main] INFO  Commands.Command - Перед вибором
2024-11-14 13:22:58 [main] INFO  Commands.Command - Вибiр: 6
2024-11-14 13:22:58 [main] INFO  Commands.Command - Користувач завершив роботу.
